2025-06-12 22:15:53,261 - INFO - Environment variables loaded
2025-06-12 22:15:53,370 - INFO - Starting post check process
2025-06-12 22:15:53,371 - INFO - Configuring Chrome options
2025-06-12 22:15:53,371 - INFO - Initializing Chrome driver
2025-06-12 22:15:53,371 - INFO - ====== WebDriver manager ======
2025-06-12 22:15:53,549 - INFO - Get LATEST chromedriver version for google-chrome
2025-06-12 22:15:53,752 - INFO - Get LATEST chromedriver version for google-chrome
2025-06-12 22:15:53,945 - INFO - Driver [/Users/poonammunshi/.wdm/drivers/chromedriver/mac64/137.0.7151.70/chromedriver-mac-x64/chromedriver] found in cache
2025-06-12 22:15:54,829 - INFO - Chrome driver initialized successfully
2025-06-12 22:15:54,835 - INFO - Navigating to login page: https://value-trades.com/login.php
2025-06-12 22:15:58,723 - INFO - Attempting to fill login form
2025-06-12 22:15:58,956 - INFO - Login credentials entered successfully
2025-06-12 22:16:01,617 - INFO - Login button clicked
2025-06-12 22:16:01,618 - INFO - Waiting for page load after login (2 seconds)
2025-06-12 22:16:01,620 - INFO - Navigating to target URL: https://value-trades.com/getDailyTrades.php?dateFilter=2025-06-12
2025-06-12 22:16:04,838 - INFO - Waiting for page body to load
2025-06-12 22:16:04,849 - INFO - Page body loaded successfully
2025-06-12 22:16:04,849 - INFO - Getting page source
2025-06-12 22:16:04,859 - INFO - Parsing page with BeautifulSoup
2025-06-12 22:16:04,913 - INFO - Looking for post element with selector: div.sub-heading.animate-box
2025-06-12 22:16:04,917 - INFO - Post content extracted successfully
2025-06-12 22:16:04,917 - INFO - Extracted post content: 8roll :Buy to close 1 contracts of TROW#F2025D950000 (TROW JUN 20, 2025 95.00 CALL)Sell to open 1 co...
2025-06-12 22:16:04,917 - INFO - Closing Chrome driver
2025-06-12 22:16:05,098 - INFO - Chrome driver closed
2025-06-12 22:16:05,098 - INFO - New post detected, different from last post
2025-06-12 22:16:05,099 - INFO - Difference written to new_diff.txt
2025-06-12 22:16:05,099 - INFO - 
=== New Post Difference Detected ===
2025-06-12 22:16:05,099 - INFO - === Post Difference Detected at 2025-06-12 22:16:05 ===

Previous Post:


New Post:
8roll :Buy to close 1 contracts of TROW#F2025D950000 (TROW JUN 20, 2025 95.00 CALL)Sell to open 1 contracts of TROW#G1825D950000 (TROW JUL 18, 2025 95.00 CALL)Using a $1.50 net credit day order.// roll tomorrow is ex dividend date //

==================================================

2025-06-12 22:16:05,099 - INFO - Sending SMS alert: 8roll :Buy to close 1 contracts of TROW#F2025D950000 (TROW JUN 20, 2025 95.00 CALL)Sell to open 1 contracts of TROW#G1825D950000 (TROW JUL 18, 2025 95.00 CALL)Using a $1.50 net credit day order.// roll tomorrow is ex dividend date //
2025-06-12 22:16:08,005 - ERROR - Failed to send notification: expected string or bytes-like object, got 'MIMEMultipart'
2025-06-12 22:18:16,789 - INFO - Environment variables loaded
2025-06-12 22:18:16,901 - INFO - Starting post check process
2025-06-12 22:18:16,901 - INFO - Configuring Chrome options
2025-06-12 22:18:16,902 - INFO - Initializing Chrome driver
2025-06-12 22:18:16,902 - INFO - ====== WebDriver manager ======
2025-06-12 22:18:17,080 - INFO - Get LATEST chromedriver version for google-chrome
2025-06-12 22:18:17,239 - INFO - Get LATEST chromedriver version for google-chrome
2025-06-12 22:18:17,449 - INFO - Driver [/Users/poonammunshi/.wdm/drivers/chromedriver/mac64/137.0.7151.70/chromedriver-mac-x64/chromedriver] found in cache
2025-06-12 22:18:18,363 - INFO - Chrome driver initialized successfully
2025-06-12 22:18:18,374 - INFO - Navigating to login page: https://value-trades.com/login.php
2025-06-12 22:18:20,937 - INFO - Attempting to fill login form
2025-06-12 22:18:21,173 - INFO - Login credentials entered successfully
2025-06-12 22:18:23,843 - INFO - Login button clicked
2025-06-12 22:18:23,844 - INFO - Waiting for page load after login (2 seconds)
2025-06-12 22:18:23,845 - INFO - Navigating to target URL: https://value-trades.com/getDailyTrades.php?dateFilter=2025-06-12
2025-06-12 22:18:25,898 - INFO - Waiting for page body to load
2025-06-12 22:18:25,908 - INFO - Page body loaded successfully
2025-06-12 22:18:25,909 - INFO - Getting page source
2025-06-12 22:18:25,919 - INFO - Parsing page with BeautifulSoup
2025-06-12 22:18:25,977 - INFO - Looking for post element with selector: div.sub-heading.animate-box
2025-06-12 22:18:25,988 - INFO - Post content extracted successfully
2025-06-12 22:18:25,988 - INFO - Extracted post content: 8roll :Buy to close 1 contracts of TROW#F2025D950000 (TROW JUN 20, 2025 95.00 CALL)Sell to open 1 co...
2025-06-12 22:18:25,988 - INFO - Closing Chrome driver
2025-06-12 22:18:26,154 - INFO - Chrome driver closed
2025-06-12 22:18:26,154 - INFO - New post detected, different from last post
2025-06-12 22:18:26,155 - INFO - Difference written to new_diff.txt
2025-06-12 22:18:26,155 - INFO - 
=== New Post Difference Detected ===
2025-06-12 22:18:26,155 - INFO - === Post Difference Detected at 2025-06-12 22:18:26 ===

Previous Post:


New Post:
8roll :Buy to close 1 contracts of TROW#F2025D950000 (TROW JUN 20, 2025 95.00 CALL)Sell to open 1 contracts of TROW#G1825D950000 (TROW JUL 18, 2025 95.00 CALL)Using a $1.50 net credit day order.// roll tomorrow is ex dividend date //

==================================================

2025-06-12 22:18:26,155 - INFO - Sending SMS alert: 8roll :Buy to close 1 contracts of TROW#F2025D950000 (TROW JUN 20, 2025 95.00 CALL)Sell to open 1 contracts of TROW#G1825D950000 (TROW JUL 18, 2025 95.00 CALL)Using a $1.50 net credit day order.// roll tomorrow is ex dividend date //
2025-06-12 22:18:27,187 - ERROR - Failed to send notification: 'list' object has no attribute 'encode'
2025-06-12 22:21:33,615 - INFO - Environment variables loaded
2025-06-12 22:21:33,727 - INFO - Starting post check process
2025-06-12 22:21:33,728 - INFO - Configuring Chrome options
2025-06-12 22:21:33,728 - INFO - Initializing Chrome driver
2025-06-12 22:21:33,728 - INFO - ====== WebDriver manager ======
2025-06-12 22:21:33,906 - INFO - Get LATEST chromedriver version for google-chrome
2025-06-12 22:21:34,076 - INFO - Get LATEST chromedriver version for google-chrome
2025-06-12 22:21:34,313 - INFO - Driver [/Users/poonammunshi/.wdm/drivers/chromedriver/mac64/137.0.7151.70/chromedriver-mac-x64/chromedriver] found in cache
2025-06-12 22:21:35,162 - INFO - Chrome driver initialized successfully
2025-06-12 22:21:35,173 - INFO - Navigating to login page: https://value-trades.com/login.php
2025-06-12 22:21:37,785 - INFO - Attempting to fill login form
2025-06-12 22:21:38,024 - INFO - Login credentials entered successfully
2025-06-12 22:21:40,202 - INFO - Login button clicked
2025-06-12 22:21:40,203 - INFO - Waiting for page load after login (2 seconds)
2025-06-12 22:21:40,205 - INFO - Navigating to target URL: https://value-trades.com/getDailyTrades.php?dateFilter=2025-06-12
2025-06-12 22:21:41,568 - INFO - Waiting for page body to load
2025-06-12 22:21:41,581 - INFO - Page body loaded successfully
2025-06-12 22:21:41,581 - INFO - Getting page source
2025-06-12 22:21:41,593 - INFO - Parsing page with BeautifulSoup
2025-06-12 22:21:41,661 - INFO - Looking for post element with selector: div.sub-heading.animate-box
2025-06-12 22:21:41,666 - INFO - Post content extracted successfully
2025-06-12 22:21:41,666 - INFO - Extracted post content: 8roll :Buy to close 1 contracts of TROW#F2025D950000 (TROW JUN 20, 2025 95.00 CALL)Sell to open 1 co...
2025-06-12 22:21:41,666 - INFO - Closing Chrome driver
2025-06-12 22:21:41,833 - INFO - Chrome driver closed
2025-06-12 22:21:41,833 - INFO - New post detected, different from last post
2025-06-12 22:21:41,834 - INFO - Difference written to new_diff.txt
2025-06-12 22:21:41,834 - INFO - 
=== New Post Difference Detected ===
2025-06-12 22:21:41,834 - INFO - === Post Difference Detected at 2025-06-12 22:21:41 ===

Previous Post:


New Post:
8roll :Buy to close 1 contracts of TROW#F2025D950000 (TROW JUN 20, 2025 95.00 CALL)Sell to open 1 contracts of TROW#G1825D950000 (TROW JUL 18, 2025 95.00 CALL)Using a $1.50 net credit day order.// roll tomorrow is ex dividend date //

==================================================

2025-06-12 22:21:41,834 - INFO - Sending alerts: 8roll :Buy to close 1 contracts of TROW#F2025D950000 (TROW JUN 20, 2025 95.00 CALL)Sell to open 1 contracts of TROW#G1825D950000 (TROW JUL 18, 2025 95.00 CALL)Using a $1.50 net credit day order.// roll tomorrow is ex dividend date //
2025-06-12 22:21:43,183 - INFO - SMS alert sent successfully
2025-06-12 22:21:44,086 - INFO - Email alert sent successfully
2025-06-12 22:21:44,142 - INFO - Last post cache updated
2025-06-12 22:27:52,714 - INFO - Environment variables loaded
2025-06-12 22:27:52,832 - INFO - Starting post check process
2025-06-12 22:27:52,832 - INFO - Configuring Chrome options
2025-06-12 22:27:52,832 - INFO - Initializing Chrome driver
2025-06-12 22:27:52,833 - INFO - ====== WebDriver manager ======
2025-06-12 22:27:53,013 - INFO - Get LATEST chromedriver version for google-chrome
2025-06-12 22:27:53,198 - INFO - Get LATEST chromedriver version for google-chrome
2025-06-12 22:27:53,386 - INFO - Driver [/Users/poonammunshi/.wdm/drivers/chromedriver/mac64/137.0.7151.70/chromedriver-mac-x64/chromedriver] found in cache
2025-06-12 22:27:54,254 - INFO - Chrome driver initialized successfully
2025-06-12 22:27:54,261 - INFO - Navigating to login page: https://value-trades.com/login.php
2025-06-12 22:27:57,689 - INFO - Attempting to fill login form
2025-06-12 22:27:57,927 - INFO - Login credentials entered successfully
2025-06-12 22:28:00,213 - INFO - Login button clicked
2025-06-12 22:28:00,213 - INFO - Waiting for page load after login (2 seconds)
2025-06-12 22:28:00,215 - INFO - Navigating to target URL: https://value-trades.com/getDailyTrades.php?dateFilter=2025-06-12
2025-06-12 22:28:02,144 - INFO - Waiting for page body to load
2025-06-12 22:28:02,162 - INFO - Page body loaded successfully
2025-06-12 22:28:02,162 - INFO - Getting page source
2025-06-12 22:28:02,189 - INFO - Parsing page with BeautifulSoup
2025-06-12 22:28:02,261 - INFO - Looking for post element with selector: div.sub-heading.animate-box
2025-06-12 22:28:02,268 - INFO - Post content extracted successfully
2025-06-12 22:28:02,268 - INFO - Extracted post content: 8roll :Buy to close 1 contracts of TROW#F2025D950000 (TROW JUN 20, 2025 95.00 CALL)Sell to open 1 co...
2025-06-12 22:28:02,269 - INFO - Closing Chrome driver
2025-06-12 22:28:02,440 - INFO - Chrome driver closed
2025-06-12 22:28:02,441 - INFO - New post detected, different from last post
2025-06-12 22:28:02,441 - INFO - Difference written to new_diff.txt
2025-06-12 22:28:02,441 - INFO - 
=== New Post Difference Detected ===
2025-06-12 22:28:02,441 - INFO - === Post Difference Detected at 2025-06-12 22:28:02 ===

Previous Post:


New Post:
8roll :Buy to close 1 contracts of TROW#F2025D950000 (TROW JUN 20, 2025 95.00 CALL)Sell to open 1 contracts of TROW#G1825D950000 (TROW JUL 18, 2025 95.00 CALL)Using a $1.50 net credit day order.// roll tomorrow is ex dividend date //

==================================================

2025-06-12 22:28:02,441 - INFO - Sending alerts: 8roll :Buy to close 1 contracts of TROW#F2025D950000 (TROW JUN 20, 2025 95.00 CALL)Sell to open 1 contracts of TROW#G1825D950000 (TROW JUL 18, 2025 95.00 CALL)Using a $1.50 net credit day order.// roll tomorrow is ex dividend date //
2025-06-12 22:28:03,536 - INFO - SMS alert sent successfully
2025-06-12 22:28:03,696 - ERROR - Failed to send alerts: {'[poonam@lamba.live, value.tester.2025@gmail.com]': (553, b'5.1.3 The recipient address <[poonam@lamba.live, value.tester.2025@gmail.com\n5.1.3 ]> is not a valid RFC 5321 address. For more information, go to\n5.1.3  https://support.google.com/a/answer/3221692 and review RFC 5321\n5.1.3 specifications. d9443c01a7336-2365d8a5b26sm6457995ad.87 - gsmtp')}
2025-06-12 22:28:03,752 - ERROR - Failed to send notification: {'[poonam@lamba.live, value.tester.2025@gmail.com]': (553, b'5.1.3 The recipient address <[poonam@lamba.live, value.tester.2025@gmail.com\n5.1.3 ]> is not a valid RFC 5321 address. For more information, go to\n5.1.3  https://support.google.com/a/answer/3221692 and review RFC 5321\n5.1.3 specifications. d9443c01a7336-2365d8a5b26sm6457995ad.87 - gsmtp')}
2025-06-12 22:29:16,691 - INFO - Environment variables loaded
2025-06-12 22:29:16,807 - INFO - Starting post check process
2025-06-12 22:29:16,807 - INFO - Configuring Chrome options
2025-06-12 22:29:16,807 - INFO - Initializing Chrome driver
2025-06-12 22:29:16,808 - INFO - ====== WebDriver manager ======
2025-06-12 22:29:16,987 - INFO - Get LATEST chromedriver version for google-chrome
2025-06-12 22:29:17,156 - INFO - Get LATEST chromedriver version for google-chrome
2025-06-12 22:29:17,355 - INFO - Driver [/Users/poonammunshi/.wdm/drivers/chromedriver/mac64/137.0.7151.70/chromedriver-mac-x64/chromedriver] found in cache
2025-06-12 22:29:18,284 - INFO - Chrome driver initialized successfully
2025-06-12 22:29:18,285 - INFO - Navigating to login page: https://value-trades.com/login.php
2025-06-12 22:29:20,620 - INFO - Attempting to fill login form
2025-06-12 22:29:20,854 - INFO - Login credentials entered successfully
2025-06-12 22:29:25,212 - INFO - Login button clicked
2025-06-12 22:29:25,212 - INFO - Waiting for page load after login (2 seconds)
2025-06-12 22:29:25,213 - INFO - Navigating to target URL: https://value-trades.com/getDailyTrades.php?dateFilter=2025-06-12
2025-06-12 22:29:27,208 - INFO - Waiting for page body to load
2025-06-12 22:29:27,220 - INFO - Page body loaded successfully
2025-06-12 22:29:27,220 - INFO - Getting page source
2025-06-12 22:29:27,230 - INFO - Parsing page with BeautifulSoup
2025-06-12 22:29:27,286 - INFO - Looking for post element with selector: div.sub-heading.animate-box
2025-06-12 22:29:27,290 - INFO - Post content extracted successfully
2025-06-12 22:29:27,291 - INFO - Extracted post content: 8roll :Buy to close 1 contracts of TROW#F2025D950000 (TROW JUN 20, 2025 95.00 CALL)Sell to open 1 co...
2025-06-12 22:29:27,291 - INFO - Closing Chrome driver
2025-06-12 22:29:27,408 - INFO - Chrome driver closed
2025-06-12 22:29:27,408 - INFO - New post detected, different from last post
2025-06-12 22:29:27,409 - INFO - Difference written to new_diff.txt
2025-06-12 22:29:27,409 - INFO - 
=== New Post Difference Detected ===
2025-06-12 22:29:27,409 - INFO - === Post Difference Detected at 2025-06-12 22:29:27 ===

Previous Post:


New Post:
8roll :Buy to close 1 contracts of TROW#F2025D950000 (TROW JUN 20, 2025 95.00 CALL)Sell to open 1 contracts of TROW#G1825D950000 (TROW JUL 18, 2025 95.00 CALL)Using a $1.50 net credit day order.// roll tomorrow is ex dividend date //

==================================================

2025-06-12 22:29:27,409 - INFO - Sending alerts: 8roll :Buy to close 1 contracts of TROW#F2025D950000 (TROW JUN 20, 2025 95.00 CALL)Sell to open 1 contracts of TROW#G1825D950000 (TROW JUL 18, 2025 95.00 CALL)Using a $1.50 net credit day order.// roll tomorrow is ex dividend date //
2025-06-12 22:29:27,409 - INFO - SMS recipients: ['4252143363@vtext.com']
2025-06-12 22:29:27,409 - INFO - Email recipients: [poonam@lamba.live, value.tester.2025@gmail.com]
2025-06-12 22:33:10,305 - INFO - Environment variables loaded
2025-06-12 22:33:10,417 - INFO - Starting post check process
2025-06-12 22:33:10,417 - INFO - Configuring Chrome options
2025-06-12 22:33:10,417 - INFO - Initializing Chrome driver
2025-06-12 22:33:10,418 - INFO - ====== WebDriver manager ======
2025-06-12 22:33:10,596 - INFO - Get LATEST chromedriver version for google-chrome
2025-06-12 22:33:10,882 - INFO - Get LATEST chromedriver version for google-chrome
2025-06-12 22:33:11,179 - INFO - Driver [/Users/poonammunshi/.wdm/drivers/chromedriver/mac64/137.0.7151.70/chromedriver-mac-x64/chromedriver] found in cache
2025-06-12 22:33:12,158 - INFO - Chrome driver initialized successfully
2025-06-12 22:33:12,168 - INFO - Navigating to login page: https://value-trades.com/login.php
2025-06-12 22:33:19,054 - INFO - Attempting to fill login form
2025-06-12 22:33:19,285 - INFO - Login credentials entered successfully
2025-06-12 22:33:21,987 - INFO - Login button clicked
2025-06-12 22:33:21,988 - INFO - Waiting for page load after login (2 seconds)
2025-06-12 22:33:21,991 - INFO - Navigating to target URL: https://value-trades.com/getDailyTrades.php?dateFilter=2025-06-12
2025-06-12 22:33:24,170 - INFO - Waiting for page body to load
2025-06-12 22:33:24,180 - INFO - Page body loaded successfully
2025-06-12 22:33:24,180 - INFO - Getting page source
2025-06-12 22:33:24,190 - INFO - Parsing page with BeautifulSoup
2025-06-12 22:33:24,268 - INFO - Looking for post element with selector: div.sub-heading.animate-box
2025-06-12 22:33:24,273 - INFO - Post content extracted successfully
2025-06-12 22:33:24,273 - INFO - Extracted post content: 8roll :Buy to close 1 contracts of TROW#F2025D950000 (TROW JUN 20, 2025 95.00 CALL)Sell to open 1 co...
2025-06-12 22:33:24,273 - INFO - Closing Chrome driver
2025-06-12 22:33:24,419 - INFO - Chrome driver closed
2025-06-12 22:33:24,419 - INFO - New post detected, different from last post
2025-06-12 22:33:24,420 - INFO - Difference written to new_diff.txt
2025-06-12 22:33:24,420 - INFO - 
=== New Post Difference Detected ===
2025-06-12 22:33:24,420 - INFO - === Post Difference Detected at 2025-06-12 22:33:24 ===

Previous Post:


New Post:
8roll :Buy to close 1 contracts of TROW#F2025D950000 (TROW JUN 20, 2025 95.00 CALL)Sell to open 1 contracts of TROW#G1825D950000 (TROW JUL 18, 2025 95.00 CALL)Using a $1.50 net credit day order.// roll tomorrow is ex dividend date //

==================================================

2025-06-12 22:33:24,420 - INFO - Sending alerts: 8roll :Buy to close 1 contracts of TROW#F2025D950000 (TROW JUN 20, 2025 95.00 CALL)Sell to open 1 contracts of TROW#G1825D950000 (TROW JUL 18, 2025 95.00 CALL)Using a $1.50 net credit day order.// roll tomorrow is ex dividend date //
2025-06-12 22:33:24,421 - INFO - SMS recipients: ['4252143363@vtext.com']
2025-06-12 22:33:24,421 - INFO - Email recipients: ['poonam@lamba.live', 'value.tester.2025@gmail.com']
2025-06-12 22:37:02,055 - INFO - Environment variables loaded
2025-06-12 22:37:02,166 - INFO - Starting post check process
2025-06-12 22:37:02,167 - INFO - Configuring Chrome options
2025-06-12 22:37:02,167 - INFO - Initializing Chrome driver
2025-06-12 22:37:02,167 - INFO - ====== WebDriver manager ======
2025-06-12 22:37:02,348 - INFO - Get LATEST chromedriver version for google-chrome
2025-06-12 22:37:02,706 - INFO - Get LATEST chromedriver version for google-chrome
2025-06-12 22:37:03,101 - INFO - Driver [/Users/poonammunshi/.wdm/drivers/chromedriver/mac64/137.0.7151.70/chromedriver-mac-x64/chromedriver] found in cache
2025-06-12 22:37:03,994 - INFO - Chrome driver initialized successfully
2025-06-12 22:37:03,994 - INFO - Navigating to login page: https://value-trades.com/login.php
2025-06-12 22:37:08,763 - INFO - Attempting to fill login form
2025-06-12 22:37:08,990 - INFO - Login credentials entered successfully
2025-06-12 22:37:15,221 - INFO - Login button clicked
2025-06-12 22:37:15,221 - INFO - Waiting for page load after login (2 seconds)
2025-06-12 22:37:15,222 - INFO - Navigating to target URL: https://value-trades.com/getDailyTrades.php?dateFilter=2025-06-12
2025-06-12 22:37:21,549 - INFO - Waiting for page body to load
2025-06-12 22:37:21,559 - INFO - Page body loaded successfully
2025-06-12 22:37:21,559 - INFO - Getting page source
2025-06-12 22:37:21,571 - INFO - Parsing page with BeautifulSoup
2025-06-12 22:37:21,629 - INFO - Looking for post element with selector: div.sub-heading.animate-box
2025-06-12 22:37:21,633 - INFO - Post content extracted successfully
2025-06-12 22:37:21,633 - INFO - Extracted post content: 8roll :Buy to close 1 contracts of TROW#F2025D950000 (TROW JUN 20, 2025 95.00 CALL)Sell to open 1 co...
2025-06-12 22:37:21,633 - INFO - Closing Chrome driver
2025-06-12 22:37:21,803 - INFO - Chrome driver closed
2025-06-12 22:37:21,803 - INFO - New post detected, different from last post
2025-06-12 22:37:21,804 - INFO - Difference written to new_diff.txt
2025-06-12 22:37:21,804 - INFO - 
=== New Post Difference Detected ===
2025-06-12 22:37:21,804 - INFO - === Post Difference Detected at 2025-06-12 22:37:21 ===

Previous Post:


New Post:
8roll :Buy to close 1 contracts of TROW#F2025D950000 (TROW JUN 20, 2025 95.00 CALL)Sell to open 1 contracts of TROW#G1825D950000 (TROW JUL 18, 2025 95.00 CALL)Using a $1.50 net credit day order.// roll tomorrow is ex dividend date //

==================================================

2025-06-12 22:37:21,804 - INFO - Sending alerts: 8roll :Buy to close 1 contracts of TROW#F2025D950000 (TROW JUN 20, 2025 95.00 CALL)Sell to open 1 contracts of TROW#G1825D950000 (TROW JUL 18, 2025 95.00 CALL)Using a $1.50 net credit day order.// roll tomorrow is ex dividend date //
2025-06-12 22:37:21,804 - INFO - SMS recipients: ['4252143363@vtext.com']
2025-06-12 22:37:21,804 - INFO - Email recipients: ['poonam@lamba.live', 'ptmunshi@gmail.com']
2025-06-12 23:01:26,930 - INFO - Environment variables loaded
2025-06-12 23:01:27,047 - INFO - Starting post check process
2025-06-12 23:01:27,047 - INFO - Configuring Chrome options
2025-06-12 23:01:27,047 - INFO - Initializing Chrome driver
2025-06-12 23:01:27,047 - INFO - ====== WebDriver manager ======
2025-06-12 23:01:27,230 - INFO - Get LATEST chromedriver version for google-chrome
2025-06-12 23:01:27,411 - INFO - Get LATEST chromedriver version for google-chrome
2025-06-12 23:01:27,613 - INFO - Driver [/Users/poonammunshi/.wdm/drivers/chromedriver/mac64/137.0.7151.70/chromedriver-mac-x64/chromedriver] found in cache
2025-06-12 23:01:28,484 - INFO - Chrome driver initialized successfully
2025-06-12 23:01:28,497 - INFO - Navigating to login page: https://value-trades.com/login.php
2025-06-12 23:01:31,984 - INFO - Attempting to fill login form
2025-06-12 23:01:32,218 - INFO - Login credentials entered successfully
2025-06-12 23:01:34,882 - INFO - Login button clicked
2025-06-12 23:01:34,882 - INFO - Waiting for page load after login (2 seconds)
2025-06-12 23:01:34,884 - INFO - Navigating to target URL: https://value-trades.com/getDailyTrades.php?dateFilter=2025-06-12
2025-06-12 23:01:36,450 - INFO - Waiting for page body to load
2025-06-12 23:01:36,463 - INFO - Page body loaded successfully
2025-06-12 23:01:36,463 - INFO - Getting page source
2025-06-12 23:01:36,474 - INFO - Parsing page with BeautifulSoup
2025-06-12 23:01:36,552 - INFO - Looking for post element with selector: div.sub-heading.animate-box
2025-06-12 23:01:36,555 - INFO - Post content extracted successfully
2025-06-12 23:01:36,555 - INFO - Extracted post content: 8roll :Buy to close 1 contracts of TROW#F2025D950000 (TROW JUN 20, 2025 95.00 CALL)Sell to open 1 co...
2025-06-12 23:01:36,556 - INFO - Closing Chrome driver
2025-06-12 23:01:36,827 - INFO - Chrome driver closed
2025-06-12 23:01:36,827 - INFO - New post detected, different from last post
2025-06-12 23:01:36,830 - INFO - Difference written to new_diff.txt
2025-06-12 23:01:36,830 - INFO - 
=== New Post Difference Detected ===
2025-06-12 23:01:36,830 - INFO - === Post Difference Detected at 2025-06-12 23:01:36 ===

Previous Post:


New Post:
8roll :Buy to close 1 contracts of TROW#F2025D950000 (TROW JUN 20, 2025 95.00 CALL)Sell to open 1 contracts of TROW#G1825D950000 (TROW JUL 18, 2025 95.00 CALL)Using a $1.50 net credit day order.// roll tomorrow is ex dividend date //

==================================================

2025-06-12 23:01:36,830 - INFO - Sending alerts: 8roll :Buy to close 1 contracts of TROW#F2025D950000 (TROW JUN 20, 2025 95.00 CALL)Sell to open 1 contracts of TROW#G1825D950000 (TROW JUL 18, 2025 95.00 CALL)Using a $1.50 net credit day order.// roll tomorrow is ex dividend date //
2025-06-12 23:01:42,558 - INFO - SMS alert sent successfully
2025-06-12 23:01:43,852 - INFO - Email alert sent successfully
2025-06-12 23:01:44,073 - INFO - Last post cache updated
2025-06-12 23:28:52,363 - INFO - Environment variables loaded
2025-06-12 23:28:52,366 - CRITICAL - CRITICAL: Invalid base64-encoded string: number of data characters (41) cannot be 1 more than a multiple of 4 Context: {'function': 'main'}
2025-06-12 23:28:54,352 - INFO - Alert email sent for CRITICAL error
2025-06-12 23:28:54,361 - CRITICAL - CRITICAL: Invalid base64-encoded string: number of data characters (41) cannot be 1 more than a multiple of 4 Context: {'function': '__main__'}
2025-06-12 23:28:55,778 - INFO - Alert email sent for CRITICAL error
2025-06-12 23:32:23,065 - INFO - Environment variables loaded
2025-06-12 23:32:23,067 - CRITICAL - CRITICAL: Invalid base64-encoded string: number of data characters (41) cannot be 1 more than a multiple of 4 Context: {'function': 'main'}
2025-06-12 23:32:24,250 - INFO - Alert email sent for CRITICAL error
2025-06-12 23:32:24,254 - CRITICAL - CRITICAL: Invalid base64-encoded string: number of data characters (41) cannot be 1 more than a multiple of 4 Context: {'function': '__main__'}
2025-06-12 23:32:25,419 - INFO - Alert email sent for CRITICAL error
2025-06-12 23:34:51,563 - INFO - Environment variables loaded
2025-06-12 23:34:51,565 - CRITICAL - CRITICAL: Incorrect padding Context: {'function': 'main'}
2025-06-12 23:34:52,901 - INFO - Alert email sent for CRITICAL error
2025-06-12 23:34:52,905 - CRITICAL - CRITICAL: Incorrect padding Context: {'function': '__main__'}
2025-06-12 23:34:53,772 - INFO - Alert email sent for CRITICAL error
2025-06-12 23:36:40,680 - INFO - Environment variables loaded
2025-06-12 23:36:40,683 - CRITICAL - CRITICAL: Incorrect padding Context: {'function': 'main'}
2025-06-12 23:36:42,133 - INFO - Alert email sent for CRITICAL error
2025-06-12 23:36:42,137 - CRITICAL - CRITICAL: Incorrect padding Context: {'function': '__main__'}
2025-06-12 23:36:43,235 - INFO - Alert email sent for CRITICAL error
2025-06-12 23:40:43,721 - INFO - Environment variables loaded
2025-06-12 23:40:43,723 - CRITICAL - CRITICAL: Incorrect padding Context: {'function': 'main'}
2025-06-12 23:40:45,049 - INFO - Alert email sent for CRITICAL error
2025-06-12 23:40:45,054 - CRITICAL - CRITICAL: Incorrect padding Context: {'function': '__main__'}
2025-06-12 23:40:46,340 - INFO - Alert email sent for CRITICAL error
2025-06-12 23:45:25,591 - INFO - Environment variables loaded
2025-06-12 23:45:25,592 - ERROR - Invalid encryption key format: Incorrect padding
2025-06-12 23:45:25,594 - CRITICAL - CRITICAL: Invalid encryption key format. Please ensure it's a valid base64 string. Context: {'function': 'main'}
2025-06-12 23:45:26,685 - INFO - Alert email sent for CRITICAL error
2025-06-12 23:45:26,690 - CRITICAL - CRITICAL: Invalid encryption key format. Please ensure it's a valid base64 string. Context: {'function': '__main__'}
2025-06-12 23:45:27,731 - INFO - Alert email sent for CRITICAL error
2025-06-12 23:48:10,115 - INFO - Environment variables loaded
2025-06-12 23:48:10,116 - ERROR - Invalid encryption key format: Invalid base64-encoded string: number of data characters (41) cannot be 1 more than a multiple of 4
2025-06-12 23:48:10,118 - CRITICAL - CRITICAL: Invalid encryption key format. Please ensure it's a valid base64 string. Context: {'function': 'main'}
2025-06-12 23:48:11,477 - INFO - Alert email sent for CRITICAL error
2025-06-12 23:48:11,482 - CRITICAL - CRITICAL: Invalid encryption key format. Please ensure it's a valid base64 string. Context: {'function': '__main__'}
2025-06-12 23:48:12,880 - INFO - Alert email sent for CRITICAL error
2025-06-12 23:49:59,818 - INFO - Environment variables loaded
2025-06-12 23:49:59,819 - INFO - ENCRYPTION_KEY: VxK1PbF6H-u3RdkVrQeR5qR3gRQP-A1Gj0oKd9D03fI
2025-06-12 23:49:59,819 - ERROR - Invalid encryption key format: Invalid base64-encoded string: number of data characters (41) cannot be 1 more than a multiple of 4
2025-06-12 23:49:59,821 - CRITICAL - CRITICAL: Invalid encryption key format. Please ensure it's a valid base64 string. Context: {'function': 'main'}
2025-06-12 23:50:01,257 - INFO - Alert email sent for CRITICAL error
2025-06-12 23:50:01,262 - CRITICAL - CRITICAL: Invalid encryption key format. Please ensure it's a valid base64 string. Context: {'function': '__main__'}
2025-06-12 23:50:02,836 - INFO - Alert email sent for CRITICAL error
2025-06-12 23:53:30,493 - INFO - Environment variables loaded
2025-06-12 23:53:30,496 - INFO - ENCRYPTION_KEY: VxK1PbF6H-u3RdkVrQeR5qR3gRQP-A1Gj0oKd9D03fI
2025-06-12 23:53:30,496 - ERROR - Invalid encryption key format: Invalid base64-encoded string: number of data characters (41) cannot be 1 more than a multiple of 4
2025-06-12 23:53:30,498 - CRITICAL - CRITICAL: Invalid encryption key format. Please ensure it's a valid base64 string. Context: {'function': 'main'}
2025-06-12 23:53:32,228 - INFO - Alert email sent for CRITICAL error
2025-06-12 23:53:32,233 - CRITICAL - CRITICAL: Invalid encryption key format. Please ensure it's a valid base64 string. Context: {'function': '__main__'}
2025-06-12 23:53:33,519 - INFO - Alert email sent for CRITICAL error
2025-06-12 23:54:18,111 - INFO - Environment variables loaded
2025-06-12 23:54:18,112 - INFO - ENCRYPTION_KEY: VxK1PbF6H-u3RdkVrQeR5qR3gRQP-A1Gj0oKd9D03fI
2025-06-12 23:54:18,112 - WARNING - Invalid key length, generating new key
2025-06-12 23:54:18,112 - INFO - SecureStorage initialized successfully
2025-06-12 23:54:18,293 - INFO - Starting post check process
2025-06-12 23:54:18,293 - INFO - Configuring Chrome options
2025-06-12 23:54:18,293 - INFO - Initializing Chrome driver
2025-06-12 23:54:18,294 - INFO - ====== WebDriver manager ======
2025-06-12 23:54:18,469 - INFO - Get LATEST chromedriver version for google-chrome
2025-06-12 23:54:19,067 - INFO - Get LATEST chromedriver version for google-chrome
2025-06-12 23:54:19,408 - INFO - Driver [/Users/poonammunshi/.wdm/drivers/chromedriver/mac64/137.0.7151.70/chromedriver-mac-x64/chromedriver] found in cache
2025-06-12 23:54:20,975 - INFO - Chrome driver initialized successfully
2025-06-12 23:54:20,976 - INFO - Navigating to login page: https://value-trades.com/login.php
2025-06-12 23:54:24,829 - INFO - Attempting to fill login form
2025-06-12 23:54:25,083 - INFO - Login credentials entered successfully
2025-06-12 23:54:29,356 - INFO - Login button clicked
2025-06-12 23:54:29,357 - INFO - Waiting for page load after login (2 seconds)
2025-06-12 23:54:29,358 - INFO - Navigating to target URL: https://value-trades.com/getDailyTrades.php?dateFilter=2025-06-12
2025-06-12 23:54:36,002 - INFO - Waiting for page body to load
2025-06-12 23:54:36,012 - INFO - Page body loaded successfully
2025-06-12 23:54:36,013 - INFO - Getting page source
2025-06-12 23:54:36,024 - INFO - Parsing page with BeautifulSoup
2025-06-12 23:54:36,082 - INFO - Looking for post element with selector: div.sub-heading.animate-box
2025-06-12 23:54:36,086 - INFO - Post content extracted successfully
2025-06-12 23:54:36,086 - INFO - Extracted post content: 8roll :Buy to close 1 contracts of TROW#F2025D950000 (TROW JUN 20, 2025 95.00 CALL)Sell to open 1 co...
2025-06-12 23:54:36,086 - INFO - Closing Chrome driver
2025-06-12 23:54:36,253 - INFO - Chrome driver closed
2025-06-12 23:54:36,253 - INFO - New post detected, different from last post
2025-06-12 23:54:36,258 - INFO - Difference saved securely
2025-06-12 23:54:36,258 - INFO - Preparing to send alerts
2025-06-12 23:54:37,792 - INFO - SMS alert sent successfully
2025-06-12 23:54:39,206 - INFO - Email alert sent successfully
2025-06-12 23:54:39,280 - INFO - Last post cache updated securely
